2025-03-20 15:09:47,592 - INFO - Starting crawl with 1 URLs
2025-03-20 15:09:48,041 - INFO - Found paper: Information Retrieval... (1/50)
2025-03-20 15:09:49,425 - INFO - Found paper: Donate to arXiv... (2/50)
2025-03-20 15:09:49,548 - INFO - Found paper: Our Members: 2023 - 2024... (3/50)
2025-03-20 15:09:49,617 - INFO - Found paper: Cornell University... (4/50)
2025-03-20 15:09:51,091 - INFO - Found paper: Log in to arXiv.org... (5/50)
2025-03-20 15:09:51,327 - INFO - Found paper: Information Retrieval... (6/50)
2025-03-20 15:09:51,340 - INFO - Found paper: Advanced Search... (7/50)
2025-03-20 15:09:51,556 - INFO - Found paper: About arXiv... (8/50)
2025-03-20 15:09:51,568 - INFO - Found paper: arXiv Help Contents... (9/50)
2025-03-20 15:09:52,962 - INFO - Found paper: Information Retrieval... (10/50)
2025-03-20 15:09:52,999 - INFO - Found paper: Information Retrieval... (11/50)
2025-03-20 15:09:53,281 - INFO - Found paper: Information Retrieval... (12/50)
2025-03-20 15:09:53,322 - INFO - Found paper: Information Retrieval... (13/50)
2025-03-20 15:09:53,337 - INFO - Found paper: Information Retrieval... (14/50)
2025-03-20 15:09:54,720 - INFO - Found paper: Computer Science > Information Retrieval... (15/50)
2025-03-20 15:09:54,841 - INFO - Found paper: Information Retrieval... (16/50)
2025-03-20 15:09:54,866 - INFO - Found paper: arXiv.org >
2503.15191 > format... (17/50)
2025-03-20 15:09:56,913 - INFO - Found paper: Search code, repositories, users, issues... (18/50)
2025-03-20 15:09:57,157 - INFO - Found paper: Showing 1–50 of 1,677 results for author... (19/50)
2025-03-20 15:09:57,758 - INFO - Found paper: Showing 1–50 of 524 results for author: ... (20/50)
2025-03-20 15:09:57,839 - INFO - Found paper: Showing 1–50 of 107 results for author: ... (21/50)
2025-03-20 15:10:03,252 - INFO - Found paper: Showing 1–50 of 2,415 results for author... (22/50)
2025-03-20 15:10:04,641 - INFO - Found paper: Computer Science > Information Retrieval... (23/50)
2025-03-20 15:10:04,662 - INFO - Found paper: arXiv.org >
2503.14887 > format... (24/50)
2025-03-20 15:10:04,975 - INFO - Found paper: Pseudo-Relevance Feedback Can Improve Ze... (25/50)
2025-03-20 15:10:10,210 - INFO - Found paper: Showing 1–50 of 5,055 results for author... (26/50)
2025-03-20 15:10:11,730 - INFO - Found paper: Computer Science > Information Retrieval... (27/50)
2025-03-20 15:10:12,051 - INFO - Found paper: Showing 1–35 of 35 results for author: K... (28/50)
2025-03-20 15:10:19,105 - INFO - Found paper: Showing 1–50 of 68 results for author: Z... (29/50)
2025-03-20 15:10:19,222 - INFO - Found paper: Showing 1–50 of 7,400 results for author... (30/50)
2025-03-20 15:10:20,759 - INFO - Found paper: arXiv.org >
2503.14802 > format... (31/50)
2025-03-20 15:10:20,815 - INFO - Found paper: Showing 1–2 of 2 results for author: Zaw... (32/50)
2025-03-20 15:10:21,616 - INFO - Found paper: Graph-Based Re-ranking: 
Emerging Techni... (33/50)
2025-03-20 15:10:24,158 - INFO - Found paper: Showing 1–1 of 1 results for author: Zao... (34/50)
2025-03-20 15:10:24,192 - INFO - Found paper: Showing 1–6 of 6 results for author: Ran... (35/50)
2025-03-20 15:10:25,566 - INFO - Found paper: Computer Science > Information Retrieval... (36/50)
2025-03-20 15:10:29,238 - INFO - Found paper: Showing 1–1 of 1 results for author: Kro... (37/50)
2025-03-20 15:10:29,840 - INFO - Found paper: Showing 1–32 of 32 results for author: H... (38/50)
2025-03-20 15:10:30,147 - INFO - Found paper: Showing 1–40 of 40 results for author: K... (39/50)
2025-03-20 15:10:31,675 - INFO - Found paper: arXiv.org >
2503.14800 > format... (40/50)
2025-03-20 15:10:35,878 - INFO - Found paper: Showing 1–1 of 1 results for author: Als... (41/50)
2025-03-20 15:10:36,471 - INFO - Found paper: Showing 1–50 of 2,118 results for author... (42/50)
2025-03-20 15:10:36,760 - INFO - Found paper: Showing 1–32 of 32 results for author: J... (43/50)
2025-03-20 15:10:37,064 - INFO - Found paper: Long Context Modeling with Ranked Memory... (44/50)
2025-03-20 15:10:38,573 - INFO - Found paper: Computer Science > Information Retrieval... (45/50)
2025-03-20 15:10:43,409 - INFO - Found paper: Showing 1–15 of 15 results for author: S... (46/50)
2025-03-20 15:10:44,052 - INFO - Found paper: Showing 1–50 of 107 results for author: ... (47/50)
2025-03-20 15:10:44,479 - INFO - Found paper: Showing 1–50 of 65 results for author: R... (48/50)
2025-03-20 15:10:46,124 - INFO - Found paper: arXiv.org >
2503.14649 > format... (49/50)
2025-03-20 15:10:46,685 - INFO - Found paper: Showing 1–8 of 8 results for author: Gra... (50/50)
2025-03-20 15:10:47,059 - INFO - Found paper: Showing 1–50 of 642 results for author: ... (51/50)
2025-03-20 15:10:47,311 - INFO - Found paper: Showing 1–50 of 154 results for author: ... (52/50)
2025-03-20 15:10:51,960 - INFO - Found paper: Showing 1–43 of 43 results for author: A... (53/50)
2025-03-20 15:10:53,032 - INFO - Saved 53 papers to src/main/resources/crawled/cran.all.crawled
2025-03-20 15:10:53,032 - INFO - Saved queries to src/main/resources/crawled/cran.qry.crawled
2025-03-20 15:10:53,032 - INFO - Saved raw data to src/main/resources/crawled/papers.json
2025-03-20 15:14:49,135 - INFO - Starting crawl with 1 URLs
2025-03-20 15:14:49,558 - INFO - Found paper: Information Retrieval... (1/5)
2025-03-20 15:14:50,949 - INFO - Found paper: Donate to arXiv... (2/5)
2025-03-20 15:14:51,065 - INFO - Found paper: Our Members: 2023 - 2024... (3/5)
2025-03-20 15:14:51,120 - INFO - Found paper: Cornell University... (4/5)
2025-03-20 15:14:52,503 - INFO - Found paper: Log in to arXiv.org... (5/5)
2025-03-20 15:14:52,671 - INFO - Found paper: Information Retrieval... (6/5)
2025-03-20 15:14:52,814 - INFO - Found paper: arXiv Help Contents... (7/5)
2025-03-20 15:14:52,867 - INFO - Found paper: About arXiv... (8/5)
2025-03-20 15:14:54,322 - INFO - Found paper: Advanced Search... (9/5)
2025-03-20 15:14:55,327 - INFO - Saved 9 papers to src/main/resources/crawled/cran.all.crawled
2025-03-20 15:14:55,327 - INFO - Saved queries to src/main/resources/crawled/cran.qry.crawled
2025-03-20 15:14:55,327 - INFO - Saved raw data to src/main/resources/crawled/papers.json
2025-03-20 15:17:16,896 - INFO - Starting crawl with 1 URLs
2025-03-20 15:17:17,315 - INFO - Found paper: Information Retrieval... (1/5)
2025-03-20 15:17:18,670 - INFO - Found paper: Donate to arXiv... (2/5)
2025-03-20 15:17:18,773 - INFO - Found paper: Our Members: 2023 - 2024... (3/5)
2025-03-20 15:17:18,816 - INFO - Found paper: Cornell University... (4/5)
2025-03-20 15:17:20,171 - INFO - Found paper: Log in to arXiv.org... (5/5)
2025-03-20 15:17:20,325 - INFO - Found paper: Information Retrieval... (6/5)
2025-03-20 15:17:20,940 - INFO - Found paper: About arXiv... (7/5)
2025-03-20 15:17:20,966 - INFO - Found paper: arXiv Help Contents... (8/5)
2025-03-20 15:17:21,623 - INFO - Found paper: Advanced Search... (9/5)
2025-03-20 15:17:22,626 - INFO - Saved 9 papers to src/main/resources/crawled/cran.all.crawled
2025-03-20 15:17:22,626 - INFO - Saved queries to src/main/resources/crawled/cran.qry.crawled
2025-03-20 15:17:22,626 - INFO - Saved raw data to src/main/resources/crawled/papers.json
2025-03-20 15:17:57,590 - INFO - Starting crawl with 1 URLs
2025-03-20 15:17:58,001 - INFO - Found paper: Information Retrieval... (1/50)
2025-03-20 15:17:59,352 - INFO - Found paper: Donate to arXiv... (2/50)
2025-03-20 15:17:59,505 - INFO - Found paper: Cornell University... (3/50)
2025-03-20 15:17:59,620 - INFO - Found paper: Our Members: 2023 - 2024... (4/50)
2025-03-20 15:18:00,904 - INFO - Found paper: Log in to arXiv.org... (5/50)
2025-03-20 15:18:01,066 - INFO - Found paper: Information Retrieval... (6/50)
2025-03-20 15:18:01,094 - INFO - Found paper: Advanced Search... (7/50)
2025-03-20 15:18:01,630 - INFO - Found paper: arXiv Help Contents... (8/50)
2025-03-20 15:18:01,648 - INFO - Found paper: About arXiv... (9/50)
2025-03-20 15:18:02,968 - INFO - Found paper: Information Retrieval... (10/50)
2025-03-20 15:18:03,125 - INFO - Found paper: Information Retrieval... (11/50)
2025-03-20 15:18:03,276 - INFO - Found paper: Information Retrieval... (12/50)
2025-03-20 15:18:03,315 - INFO - Found paper: Information Retrieval... (13/50)
2025-03-20 15:18:03,318 - INFO - Found paper: Information Retrieval... (14/50)
2025-03-20 15:18:04,635 - INFO - Found paper: arXiv.org >
2503.15191 > format... (15/50)
2025-03-20 15:18:04,708 - INFO - Found paper: Computer Science > Information Retrieval... (16/50)
2025-03-20 15:18:04,787 - INFO - Found paper: Information Retrieval... (17/50)
2025-03-20 15:18:07,056 - INFO - Found paper: Showing 1–50 of 1,677 results for author... (18/50)
2025-03-20 15:18:07,572 - INFO - Found paper: Search code, repositories, users, issues... (19/50)
2025-03-20 15:18:07,657 - INFO - Found paper: Showing 1–50 of 2,415 results for author... (20/50)
2025-03-20 15:18:07,727 - INFO - Found paper: Showing 1–50 of 107 results for author: ... (21/50)
2025-03-20 15:18:08,070 - INFO - Found paper: Showing 1–50 of 524 results for author: ... (22/50)
2025-03-20 15:18:09,388 - INFO - Found paper: arXiv.org >
2503.14887 > format... (23/50)
2025-03-20 15:18:09,471 - INFO - Found paper: Computer Science > Information Retrieval... (24/50)
2025-03-20 15:18:09,619 - INFO - Found paper: Pseudo-Relevance Feedback Can Improve Ze... (25/50)
2025-03-20 15:18:10,100 - INFO - Found paper: Showing 1–50 of 5,055 results for author... (26/50)
2025-03-20 15:18:11,454 - INFO - Found paper: Computer Science > Information Retrieval... (27/50)
2025-03-20 15:18:12,714 - INFO - Found paper: Showing 1–35 of 35 results for author: K... (28/50)
2025-03-20 15:18:12,828 - INFO - Found paper: Showing 1–50 of 7,400 results for author... (29/50)
2025-03-20 15:18:12,927 - INFO - Found paper: Showing 1–50 of 68 results for author: Z... (30/50)
2025-03-20 15:18:14,221 - INFO - Found paper: arXiv.org >
2503.14802 > format... (31/50)
2025-03-20 15:18:14,759 - INFO - Found paper: Showing 1–6 of 6 results for author: Ran... (32/50)
2025-03-20 15:18:14,890 - INFO - Found paper: Showing 1–2 of 2 results for author: Zaw... (33/50)
2025-03-20 15:18:14,950 - INFO - Found paper: Showing 1–1 of 1 results for author: Zao... (34/50)
2025-03-20 15:18:15,105 - INFO - Found paper: Graph-Based Re-ranking: 
Emerging Techni... (35/50)
2025-03-20 15:18:16,468 - INFO - Found paper: Computer Science > Information Retrieval... (36/50)
2025-03-20 15:18:16,706 - INFO - Found paper: Showing 1–1 of 1 results for author: Kro... (37/50)
2025-03-20 15:18:17,042 - INFO - Found paper: Showing 1–32 of 32 results for author: H... (38/50)
2025-03-20 15:18:17,189 - INFO - Found paper: Showing 1–40 of 40 results for author: K... (39/50)
2025-03-20 15:18:18,490 - INFO - Found paper: arXiv.org >
2503.14800 > format... (40/50)
2025-03-20 15:18:18,886 - INFO - Found paper: Long Context Modeling with Ranked Memory... (41/50)
2025-03-20 15:18:18,937 - INFO - Found paper: Showing 1–1 of 1 results for author: Als... (42/50)
2025-03-20 15:18:19,234 - INFO - Found paper: Showing 1–32 of 32 results for author: J... (43/50)
2025-03-20 15:18:19,426 - INFO - Found paper: Showing 1–50 of 2,118 results for author... (44/50)
2025-03-20 15:18:20,850 - INFO - Found paper: Computer Science > Information Retrieval... (45/50)
2025-03-20 15:18:21,508 - INFO - Found paper: Showing 1–15 of 15 results for author: S... (46/50)
2025-03-20 15:18:22,508 - INFO - Found paper: Showing 1–50 of 65 results for author: R... (47/50)
2025-03-20 15:18:22,718 - INFO - Found paper: Showing 1–50 of 107 results for author: ... (48/50)
2025-03-20 15:18:24,044 - INFO - Found paper: arXiv.org >
2503.14649 > format... (49/50)
2025-03-20 15:18:24,475 - INFO - Found paper: Showing 1–8 of 8 results for author: Gra... (50/50)
2025-03-20 15:18:24,884 - INFO - Found paper: Showing 1–50 of 154 results for author: ... (51/50)
2025-03-20 15:18:25,077 - INFO - Found paper: Showing 1–43 of 43 results for author: A... (52/50)
2025-03-20 15:18:25,338 - INFO - Found paper: Showing 1–50 of 642 results for author: ... (53/50)
2025-03-20 15:18:26,409 - INFO - Saved 53 papers to src/main/resources/crawled/cran.all.crawled
2025-03-20 15:18:26,409 - INFO - Saved queries to src/main/resources/crawled/cran.qry.crawled
2025-03-20 15:18:26,409 - INFO - Saved raw data to src/main/resources/crawled/papers.json
2025-03-20 15:35:32,171 - INFO - Starting crawl with 1 URLs
2025-03-20 15:35:32,589 - INFO - Found paper: Information Retrieval... (1/50)
2025-03-20 15:35:33,974 - INFO - Found paper: Donate to arXiv... (2/50)
2025-03-20 15:35:34,233 - INFO - Found paper: Cornell University... (3/50)
2025-03-20 15:35:34,235 - INFO - Found paper: Our Members: 2023 - 2024... (4/50)
2025-03-20 15:35:35,509 - INFO - Found paper: Log in to arXiv.org... (5/50)
2025-03-20 15:35:35,708 - INFO - Found paper: Information Retrieval... (6/50)
2025-03-20 15:35:35,882 - INFO - Found paper: About arXiv... (7/50)
2025-03-20 15:35:35,929 - INFO - Found paper: arXiv Help Contents... (8/50)
2025-03-20 15:35:36,148 - INFO - Found paper: Advanced Search... (9/50)
2025-03-20 15:35:37,460 - INFO - Found paper: Information Retrieval... (10/50)
2025-03-20 15:35:37,775 - INFO - Found paper: Information Retrieval... (11/50)
2025-03-20 15:35:37,861 - INFO - Found paper: Information Retrieval... (12/50)
2025-03-20 15:35:37,870 - INFO - Found paper: Information Retrieval... (13/50)
2025-03-20 15:35:37,874 - INFO - Found paper: Information Retrieval... (14/50)
2025-03-20 15:35:39,194 - INFO - Found paper: arXiv.org >
2503.15191 > format... (15/50)
2025-03-20 15:35:39,291 - INFO - Found paper: Information Retrieval... (16/50)
2025-03-20 15:35:39,363 - INFO - Found paper: Computer Science > Information Retrieval... (17/50)
2025-03-20 15:35:41,811 - INFO - Found paper: Showing 1–50 of 107 results for author: ... (18/50)
2025-03-20 15:35:41,951 - INFO - Found paper: Search code, repositories, users, issues... (19/50)
2025-03-20 15:35:42,045 - INFO - Found paper: Showing 1–50 of 524 results for author: ... (20/50)
2025-03-20 15:35:42,195 - INFO - Found paper: Showing 1–50 of 2,415 results for author... (21/50)
2025-03-20 15:35:42,393 - INFO - Found paper: Showing 1–50 of 1,677 results for author... (22/50)
2025-03-20 15:35:43,723 - INFO - Found paper: arXiv.org >
2503.14887 > format... (23/50)
2025-03-20 15:35:43,774 - INFO - Found paper: Computer Science > Information Retrieval... (24/50)
2025-03-20 15:35:43,933 - INFO - Found paper: Pseudo-Relevance Feedback Can Improve Ze... (25/50)
2025-03-20 15:35:44,360 - INFO - Found paper: Showing 1–50 of 5,055 results for author... (26/50)
2025-03-20 15:35:45,721 - INFO - Found paper: Computer Science > Information Retrieval... (27/50)
2025-03-20 15:35:46,312 - INFO - Found paper: Showing 1–35 of 35 results for author: K... (28/50)
2025-03-20 15:35:46,776 - INFO - Found paper: Showing 1–50 of 7,400 results for author... (29/50)
2025-03-20 15:35:47,083 - INFO - Found paper: Showing 1–50 of 68 results for author: Z... (30/50)
2025-03-20 15:35:48,378 - INFO - Found paper: arXiv.org >
2503.14802 > format... (31/50)
2025-03-20 15:35:48,960 - INFO - Found paper: Showing 1–1 of 1 results for author: Zao... (32/50)
2025-03-20 15:35:49,121 - INFO - Found paper: Graph-Based Re-ranking: 
Emerging Techni... (33/50)
2025-03-20 15:35:49,135 - INFO - Found paper: Showing 1–2 of 2 results for author: Zaw... (34/50)
2025-03-20 15:35:49,191 - INFO - Found paper: Showing 1–6 of 6 results for author: Ran... (35/50)
2025-03-20 15:35:50,536 - INFO - Found paper: Computer Science > Information Retrieval... (36/50)
2025-03-20 15:35:50,661 - INFO - Found paper: Showing 1–1 of 1 results for author: Kro... (37/50)
2025-03-20 15:35:51,143 - INFO - Found paper: Showing 1–32 of 32 results for author: H... (38/50)
2025-03-20 15:35:51,312 - INFO - Found paper: Showing 1–40 of 40 results for author: K... (39/50)
2025-03-20 15:35:52,597 - INFO - Found paper: arXiv.org >
2503.14800 > format... (40/50)
2025-03-20 15:35:53,037 - INFO - Found paper: Showing 1–1 of 1 results for author: Als... (41/50)
2025-03-20 15:35:53,094 - INFO - Found paper: Long Context Modeling with Ranked Memory... (42/50)
2025-03-20 15:35:53,415 - INFO - Found paper: Showing 1–32 of 32 results for author: J... (43/50)
2025-03-20 15:35:53,680 - INFO - Found paper: Showing 1–50 of 2,118 results for author... (44/50)
2025-03-20 15:35:55,125 - INFO - Found paper: Computer Science > Information Retrieval... (45/50)
2025-03-20 15:35:55,477 - INFO - Found paper: Showing 1–15 of 15 results for author: S... (46/50)
2025-03-20 15:35:56,060 - INFO - Found paper: Showing 1–50 of 107 results for author: ... (47/50)
2025-03-20 15:35:56,278 - INFO - Found paper: Showing 1–50 of 65 results for author: R... (48/50)
2025-03-20 15:35:58,148 - INFO - Found paper: arXiv.org >
2503.14649 > format... (49/50)
2025-03-20 15:35:58,476 - INFO - Found paper: Showing 1–8 of 8 results for author: Gra... (50/50)
2025-03-20 15:35:58,767 - INFO - Found paper: Showing 1–43 of 43 results for author: A... (51/50)
2025-03-20 15:35:58,978 - INFO - Found paper: Showing 1–50 of 154 results for author: ... (52/50)
2025-03-20 15:35:59,204 - INFO - Found paper: Showing 1–50 of 642 results for author: ... (53/50)
2025-03-20 15:36:00,293 - INFO - Saved 53 papers to src/main/resources/crawled/cran.all.crawled
2025-03-20 15:36:00,293 - INFO - Saved queries to src/main/resources/crawled/cran.qry.crawled
2025-03-20 15:36:00,293 - INFO - Saved raw data to src/main/resources/crawled/papers.json
